Build started 4/11/2014 7:06:02 AM.
     1>Project "C:\Users\Tim\Downloads\luniserver\LUNI Server\LUNI Server.vcxproj" on node 2 (Build target(s)).
     1>ClCompile:
         C:\Program Files (x86)\Microsoft Visual Studio 12.0\VC\bin\CL.exe /c /IMySql\include /ZI /nologo /W3 /WX- /sdl /Od /Oy- /D _CRT_SECURE_NO_WARNINGS /D DEBUG /D _MBCS /Gm /EHsc /RTC1 /MDd /GS /fp:precise /Zc:wchar_t /Zc:forScope /Fo"Debug\\" /Fd"Debug\vc120.pdb" /Gd /TP /analyze- /errorReport:prompt AuthLoop.cpp Character.cpp CharactersLoop.cpp Common.cpp Database.cpp main.cpp serverLoop.cpp User.cpp World.cpp WorldLoop.cpp
         WorldLoop.cpp
         World.cpp
         User.cpp
         serverLoop.cpp
     1>c:\users\tim\downloads\luniserver\luni server\raknet\types.h(280): warning C4005: 'DEBUG' : macro redefinition
                 command-line arguments :  see previous definition of 'DEBUG'
         main.cpp
         Database.cpp
         Common.cpp
         CharactersLoop.cpp
         Character.cpp
         AuthLoop.cpp
         Generating Code...
       ResourceCompile:
         C:\Program Files (x86)\Windows Kits\8.1\bin\x86\rc.exe /l"0x0409" /nologo /fo"Debug\Resource.res" Resource.rc 
       Link:
         C:\Program Files (x86)\Microsoft Visual Studio 12.0\VC\bin\link.exe /ERRORREPORT:PROMPT /OUT:"C:\Users\Tim\Downloads\luniserver\LUNI Server\Debug\LUNI Server.exe" /INCREMENTAL /NOLOGO /LIBPATH:MySql\lib /LIBPATH:Debug ws2_32.lib libmysql.lib SUtil.lib kernel32.lib user32.lib gdi32.lib winspool.lib comdlg32.lib advapi32.lib shell32.lib ole32.lib oleaut32.lib uuid.lib odbc32.lib odbccp32.lib /MANIFEST /MANIFESTUAC:"level='asInvoker' uiAccess='false'" /manifest:embed /DEBUG /PDB:"C:\Users\Tim\Downloads\luniserver\LUNI Server\Debug\LUNI Server.pdb" /TLBID:1 /DYNAMICBASE /NXCOMPAT /IMPLIB:"C:\Users\Tim\Downloads\luniserver\LUNI Server\Debug\LUNI Server.lib" /MACHINE:X86 Debug\Resource.res
         Debug\AuthLoop.obj
         Debug\Character.obj
         Debug\CharactersLoop.obj
         Debug\Common.obj
         Debug\Database.obj
         Debug\main.obj
         Debug\serverLoop.obj
         Debug\User.obj
         Debug\World.obj
         Debug\WorldLoop.obj
         "C:\Users\Tim\Downloads\luniserver\LUNI Server\Debug\RakNet.lib"
         "C:\Users\Tim\Downloads\luniserver\LUNI Server\Debug\SUtil.lib"
         LINK : C:\Users\Tim\Downloads\luniserver\LUNI Server\Debug\LUNI Server.exe not found or not built by the last incremental link; performing full link
         LUNI Server.vcxproj -> C:\Users\Tim\Downloads\luniserver\LUNI Server\Debug\LUNI Server.exe
     1>Done Building Project "C:\Users\Tim\Downloads\luniserver\LUNI Server\LUNI Server.vcxproj" (Build target(s)).

Build succeeded.

Time Elapsed 00:00:07.64
