c:\users\the doctor\luniserver\luniserver_version_5_downloaded\luniserver\luni server release source\debug\vc120.pdb
c:\users\the doctor\luniserver\luniserver_version_5_downloaded\luniserver\luni server release source\debug\vc120.idb
c:\users\the doctor\luniserver\luniserver_version_5_downloaded\luniserver\luni server release source\debug\authloop.obj
c:\users\the doctor\luniserver\luniserver_version_5_downloaded\luniserver\luni server release source\debug\character.obj
c:\users\the doctor\luniserver\luniserver_version_5_downloaded\luniserver\luni server release source\debug\common.obj
c:\users\the doctor\luniserver\luniserver_version_5_downloaded\luniserver\luni server release source\debug\database.obj
c:\users\the doctor\luniserver\luniserver_version_5_downloaded\luniserver\luni server release source\debug\main.obj
c:\users\the doctor\luniserver\luniserver_version_5_downloaded\luniserver\luni server release source\debug\serverloop.obj
c:\users\the doctor\luniserver\luniserver_version_5_downloaded\luniserver\luni server release source\debug\authpackets.obj
c:\users\the doctor\luniserver\luniserver_version_5_downloaded\luniserver\luni server release source\debug\packet.obj
c:\users\the doctor\luniserver\luniserver_version_5_downloaded\luniserver\luni server release source\debug\user.obj
c:\users\the doctor\luniserver\luniserver_version_5_downloaded\luniserver\luni server release source\debug\world.obj
c:\users\the doctor\luniserver\luniserver_version_5_downloaded\luniserver\luni server release source\debug\worldloop.obj
c:\users\the doctor\luniserver\luniserver_version_5_downloaded\luniserver\luni server release source\debug\charactersloop.obj
c:\users\the doctor\luniserver\luniserver_version_5_downloaded\luniserver\luni server release source\debug\charpackets.obj
c:\users\the doctor\luniserver\luniserver_version_5_downloaded\luniserver\luni server release source\debug\luni server.ilk
c:\users\the doctor\luniserver\luniserver_version_5_downloaded\luniserver\luni server release source\debug\luni server.exe
c:\users\the doctor\luniserver\luniserver_version_5_downloaded\luniserver\luni server release source\debug\luni server.pdb
c:\users\the doctor\luniserver\luniserver_version_5_downloaded\luniserver\luni server release source\debug\resource.res
c:\users\the doctor\luniserver\luniserver_version_5_downloaded\luniserver\luni server release source\debug\luni server.tlog\cl.command.1.tlog
c:\users\the doctor\luniserver\luniserver_version_5_downloaded\luniserver\luni server release source\debug\luni server.tlog\cl.read.1.tlog
c:\users\the doctor\luniserver\luniserver_version_5_downloaded\luniserver\luni server release source\debug\luni server.tlog\cl.write.1.tlog
c:\users\the doctor\luniserver\luniserver_version_5_downloaded\luniserver\luni server release source\debug\luni server.tlog\link.command.1.tlog
c:\users\the doctor\luniserver\luniserver_version_5_downloaded\luniserver\luni server release source\debug\luni server.tlog\link.read.1.tlog
c:\users\the doctor\luniserver\luniserver_version_5_downloaded\luniserver\luni server release source\debug\luni server.tlog\link.write.1.tlog
c:\users\the doctor\luniserver\luniserver_version_5_downloaded\luniserver\luni server release source\debug\luni server.tlog\rc.command.1.tlog
c:\users\the doctor\luniserver\luniserver_version_5_downloaded\luniserver\luni server release source\debug\luni server.tlog\rc.read.1.tlog
c:\users\the doctor\luniserver\luniserver_version_5_downloaded\luniserver\luni server release source\debug\luni server.tlog\rc.write.1.tlog
