Build started 5/12/2015 8:57:10 PM.
     1>Project "C:\Users\knigh\Documents\GitHub\Fork\LUNIServerProject\Source\LUNI Latest Stable\Source\LUNI Server.vcxproj" on node 2 (Build target(s)).
     1>Link:
         C:\Program Files\Microsoft Visual Studio 12.0\VC\bin\link.exe /ERRORREPORT:PROMPT /OUT:"C:\Users\knigh\Documents\GitHub\Fork\LUNIServerProject\Source\LUNI Latest Stable\Source\Debug\LUNI Server.exe" /INCREMENTAL /NOLOGO /LIBPATH:MySql\lib /LIBPATH:Debug ws2_32.lib libmysql.lib SUtil.lib kernel32.lib user32.lib gdi32.lib winspool.lib comdlg32.lib advapi32.lib shell32.lib ole32.lib oleaut32.lib uuid.lib odbc32.lib odbccp32.lib /MANIFEST /MANIFESTUAC:"level='asInvoker' uiAccess='false'" /manifest:embed /DEBUG /PDB:"C:\Users\knigh\Documents\GitHub\Fork\LUNIServerProject\Source\LUNI Latest Stable\Source\Debug\LUNI Server.pdb" /TLBID:1 /DYNAMICBASE /NXCOMPAT /IMPLIB:"C:\Users\knigh\Documents\GitHub\Fork\LUNIServerProject\Source\LUNI Latest Stable\Source\Debug\LUNI Server.lib" /MACHINE:X86 Debug\Resource.res
         Debug\AuthLoop.obj
         Debug\Character.obj
         Debug\CharactersLoop.obj
         Debug\Common.obj
         Debug\Database.obj
         Debug\main.obj
         Debug\serverLoop.obj
         Debug\AuthPackets.obj
         Debug\Packet.obj
         Debug\CharPackets.obj
         Debug\User.obj
         Debug\World.obj
         Debug\WorldLoop.obj
         "C:\Users\knigh\Documents\GitHub\Fork\LUNIServerProject\Source\LUNI Latest Stable\Source\Debug\RakNet.lib"
         "C:\Users\knigh\Documents\GitHub\Fork\LUNIServerProject\Source\LUNI Latest Stable\Source\Debug\SUtil.lib"
         LUNI Server.vcxproj -> C:\Users\knigh\Documents\GitHub\Fork\LUNIServerProject\Source\LUNI Latest Stable\Source\Debug\LUNI Server.exe
     1>Done Building Project "C:\Users\knigh\Documents\GitHub\Fork\LUNIServerProject\Source\LUNI Latest Stable\Source\LUNI Server.vcxproj" (Build target(s)).

Build succeeded.

Time Elapsed 00:00:02.26
