Build started 2/21/2015 8:41:17 PM.
     1>Project "C:\Users\The Doctor\LuniServer\luniserver_version_5_downloaded\luniserver\LUNI Server Release Source\LUNI Server.vcxproj" on node 2 (Build target(s)).
     1>ClCompile:
         C:\Program Files (x86)\Microsoft Visual Studio 12.0\VC\bin\CL.exe /c /IMySql\include /ZI /nologo /W3 /WX- /sdl /Od /Oy- /D _CRT_SECURE_NO_WARNINGS /D DEBUG /D _MBCS /Gm /EHsc /RTC1 /MDd /GS /fp:precise /Zc:wchar_t /Zc:forScope /Fo"Debug\\" /Fd"Debug\vc120.pdb" /Gd /TP /analyze- /errorReport:prompt CharPackets.cpp
         CharPackets.cpp
     1>c:\users\the doctor\luniserver\luniserver_version_5_downloaded\luniserver\luni server release source\charpackets.cpp(92): warning C4244: '=' : conversion from 'ulong' to 'ushort', possible loss of data
     1>c:\users\the doctor\luniserver\luniserver_version_5_downloaded\luniserver\luni server release source\charpackets.cpp(561): warning C4244: 'argument' : conversion from 'time_t' to 'unsigned int', possible loss of data
     1>c:\users\the doctor\luniserver\luniserver_version_5_downloaded\luniserver\luni server release source\charpackets.cpp(678): warning C4018: '<' : signed/unsigned mismatch
       Link:
         C:\Program Files (x86)\Microsoft Visual Studio 12.0\VC\bin\link.exe /ERRORREPORT:PROMPT /OUT:"C:\Users\The Doctor\LuniServer\luniserver_version_5_downloaded\luniserver\LUNI Server Release Source\Debug\LUNI Server.exe" /INCREMENTAL /NOLOGO /LIBPATH:MySql\lib /LIBPATH:Debug ws2_32.lib libmysql.lib SUtil.lib kernel32.lib user32.lib gdi32.lib winspool.lib comdlg32.lib advapi32.lib shell32.lib ole32.lib oleaut32.lib uuid.lib odbc32.lib odbccp32.lib /MANIFEST /MANIFESTUAC:"level='asInvoker' uiAccess='false'" /manifest:embed /DEBUG /PDB:"C:\Users\The Doctor\LuniServer\luniserver_version_5_downloaded\luniserver\LUNI Server Release Source\Debug\LUNI Server.pdb" /TLBID:1 /DYNAMICBASE /NXCOMPAT /IMPLIB:"C:\Users\The Doctor\LuniServer\luniserver_version_5_downloaded\luniserver\LUNI Server Release Source\Debug\LUNI Server.lib" /MACHINE:X86 Debug\Resource.res
         Debug\AuthLoop.obj
         Debug\Character.obj
         Debug\CharactersLoop.obj
         Debug\Common.obj
         Debug\Database.obj
         Debug\main.obj
         Debug\serverLoop.obj
         Debug\AuthPackets.obj
         Debug\Packet.obj
         Debug\CharPackets.obj
         Debug\User.obj
         Debug\World.obj
         Debug\WorldLoop.obj
         "C:\Users\The Doctor\LuniServer\luniserver_version_5_downloaded\luniserver\LUNI Server Release Source\Debug\RakNet.lib"
         "C:\Users\The Doctor\LuniServer\luniserver_version_5_downloaded\luniserver\LUNI Server Release Source\Debug\SUtil.lib"
         LUNI Server.vcxproj -> C:\Users\The Doctor\LuniServer\luniserver_version_5_downloaded\luniserver\LUNI Server Release Source\Debug\LUNI Server.exe
     1>Done Building Project "C:\Users\The Doctor\LuniServer\luniserver_version_5_downloaded\luniserver\LUNI Server Release Source\LUNI Server.vcxproj" (Build target(s)).

Build succeeded.

Time Elapsed 00:00:12.05
