Build started 5/12/2015 8:56:29 PM.
     1>Project "C:\Users\knigh\Documents\GitHub\Fork\LUNIServerProject\Source\LUNI Latest Stable\Source\RakNet\RakNet.vcxproj" on node 2 (Build target(s)).
     1>ClCompile:
         C:\Program Files\Microsoft Visual Studio 12.0\VC\bin\CL.exe /c /ZI /nologo /W3 /WX- /sdl- /Od /Oy- /D _CRT_SECURE_NO_WARNINGS /D _MBCS /Gm /EHsc /RTC1 /MDd /GS /fp:precise /Zc:wchar_t /Zc:forScope /Fo"Debug\\" /Fd"Debug\vc120.pdb" /Gd /TP /analyze- /errorReport:prompt AsynchronousFileIO.cpp AutoRPC.cpp BitStream.cpp BitStream_NoTemplate.cpp CheckSum.cpp CommandParserInterface.cpp ConnectionGraph.cpp ConsoleServer.cpp DataBlockEncryptor.cpp DataCompressor.cpp DirectoryDeltaTransfer.cpp DS_BytePool.cpp DS_ByteQueue.cpp DS_HuffmanEncodingTree.cpp DS_Table.cpp EmailSender.cpp EncodeClassName.cpp EpochTimeToString.cpp ExtendedOverlappedPool.cpp FileList.cpp FileListTransfer.cpp FileOperations.cpp FormatString.cpp FullyConnectedMesh.cpp FunctionThread.cpp Gen_RPC8.cpp GetTime.cpp GridSectorizer.cpp HTTPConnection.cpp InlineFunctor.cpp Itoa.cpp LightweightDatabaseClient.cpp LightweightDatabaseCommon.cpp LightweightDatabaseServer.cpp LinuxStrings.cpp LogCommandParser.cpp MessageFilter.cpp NatPunchthrough.cpp NetworkIDManager.cpp NetworkIDObject.cpp PacketConsoleLogger.cpp PacketFileLogger.cpp PacketLogger.cpp PluginInterface.cpp RakMemoryOverride.cpp RakNetCommandParser.cpp RakNetStatistics.cpp RakNetTransport.cpp RakNetTypes.cpp RakNetworkFactory.cpp RakPeer.cpp RakSleep.cpp RakString.cpp RakThread.cpp Rand.cpp ReadyEvent.cpp ReliabilityLayer.cpp ReplicaManager.cpp ReplicaManager2.cpp rijndael.cpp Router.cpp RPCMap.cpp SHA1.cpp SimpleMutex.cpp SocketLayer.cpp StringCompressor.cpp StringTable.cpp SuperFastHash.cpp SystemAddressList.cpp TableSerializer.cpp TCPInterface.cpp TelnetTransport.cpp ThreadsafePacketLogger.cpp _FindFirst.cpp
         _FindFirst.cpp
         ThreadsafePacketLogger.cpp
         TelnetTransport.cpp
         TCPInterface.cpp
     1>c:\users\knigh\documents\github\fork\luniserverproject\source\luni latest stable\source\raknet\tcpinterface.cpp(198): warning C4996: 'inet_addr': Use inet_pton() or InetPton() instead or define _WINSOCK_DEPRECATED_NO_WARNINGS to disable deprecated API warnings
                 c:\program files\windows kits\8.1\include\um\winsock2.h(1850) : see declaration of 'inet_addr'
     1>c:\users\knigh\documents\github\fork\luniserverproject\source\luni latest stable\source\raknet\tcpinterface.cpp(361): warning C4996: 'gethostbyname': Use getaddrinfo() or GetAddrInfoW() instead or define _WINSOCK_DEPRECATED_NO_WARNINGS to disable deprecated API warnings
                 c:\program files\windows kits\8.1\include\um\winsock2.h(2238) : see declaration of 'gethostbyname'
         TableSerializer.cpp
         SystemAddressList.cpp
         SuperFastHash.cpp
         StringTable.cpp
         StringCompressor.cpp
         SocketLayer.cpp
     1>c:\users\knigh\documents\github\fork\luniserverproject\source\luni latest stable\source\raknet\socketlayer.cpp(283): warning C4996: 'inet_addr': Use inet_pton() or InetPton() instead or define _WINSOCK_DEPRECATED_NO_WARNINGS to disable deprecated API warnings
                 c:\program files\windows kits\8.1\include\um\winsock2.h(1850) : see declaration of 'inet_addr'
     1>c:\users\knigh\documents\github\fork\luniserverproject\source\luni latest stable\source\raknet\socketlayer.cpp(348): warning C4996: 'gethostbyname': Use getaddrinfo() or GetAddrInfoW() instead or define _WINSOCK_DEPRECATED_NO_WARNINGS to disable deprecated API warnings
                 c:\program files\windows kits\8.1\include\um\winsock2.h(2238) : see declaration of 'gethostbyname'
     1>c:\users\knigh\documents\github\fork\luniserverproject\source\luni latest stable\source\raknet\socketlayer.cpp(361): warning C4996: 'inet_ntoa': Use inet_ntop() or InetNtop() instead or define _WINSOCK_DEPRECATED_NO_WARNINGS to disable deprecated API warnings
                 c:\program files\windows kits\8.1\include\um\winsock2.h(1868) : see declaration of 'inet_ntoa'
     1>c:\users\knigh\documents\github\fork\luniserverproject\source\luni latest stable\source\raknet\socketlayer.cpp(589): warning C4996: 'inet_addr': Use inet_pton() or InetPton() instead or define _WINSOCK_DEPRECATED_NO_WARNINGS to disable deprecated API warnings
                 c:\program files\windows kits\8.1\include\um\winsock2.h(1850) : see declaration of 'inet_addr'
     1>c:\users\knigh\documents\github\fork\luniserverproject\source\luni latest stable\source\raknet\socketlayer.cpp(665): warning C4996: 'gethostbyname': Use getaddrinfo() or GetAddrInfoW() instead or define _WINSOCK_DEPRECATED_NO_WARNINGS to disable deprecated API warnings
                 c:\program files\windows kits\8.1\include\um\winsock2.h(2238) : see declaration of 'gethostbyname'
     1>c:\users\knigh\documents\github\fork\luniserverproject\source\luni latest stable\source\raknet\socketlayer.cpp(693): warning C4996: 'inet_ntoa': Use inet_ntop() or InetNtop() instead or define _WINSOCK_DEPRECATED_NO_WARNINGS to disable deprecated API warnings
                 c:\program files\windows kits\8.1\include\um\winsock2.h(1868) : see declaration of 'inet_ntoa'
         SimpleMutex.cpp
         SHA1.cpp
         RPCMap.cpp
         Router.cpp
         rijndael.cpp
         ReplicaManager2.cpp
         ReplicaManager.cpp
         ReliabilityLayer.cpp
         ReadyEvent.cpp
         Rand.cpp
         Generating Code...
         Compiling...
         RakThread.cpp
         RakString.cpp
         RakSleep.cpp
         RakPeer.cpp
     1>c:\users\knigh\documents\github\fork\luniserverproject\source\luni latest stable\source\raknet\rakpeer.cpp(374): warning C4996: 'inet_addr': Use inet_pton() or InetPton() instead or define _WINSOCK_DEPRECATED_NO_WARNINGS to disable deprecated API warnings
                 c:\program files\windows kits\8.1\include\um\winsock2.h(1850) : see declaration of 'inet_addr'
     1>c:\users\knigh\documents\github\fork\luniserverproject\source\luni latest stable\source\raknet\rakpeer.cpp(376): warning C4996: 'inet_addr': Use inet_pton() or InetPton() instead or define _WINSOCK_DEPRECATED_NO_WARNINGS to disable deprecated API warnings
                 c:\program files\windows kits\8.1\include\um\winsock2.h(1850) : see declaration of 'inet_addr'
         -- RakNet: _RAKNET_THREADSAFE not defined.  Do NOT use multiple threads on the same instance of RakPeer (Fast!). --
         -- RakNet: Using WaitForSingleObject. Comment out USE_WAIT_FOR_MULTIPLE_EVENTS in RakNetDefines.h if you want to use Sleep instead. --
         RakNetworkFactory.cpp
         RakNetTypes.cpp
     1>c:\users\knigh\documents\github\fork\luniserverproject\source\luni latest stable\source\raknet\raknettypes.cpp(86): warning C4996: 'inet_ntoa': Use inet_ntop() or InetNtop() instead or define _WINSOCK_DEPRECATED_NO_WARNINGS to disable deprecated API warnings
                 c:\program files\windows kits\8.1\include\um\winsock2.h(1868) : see declaration of 'inet_ntoa'
         RakNetTransport.cpp
         RakNetStatistics.cpp
         RakNetCommandParser.cpp
         RakMemoryOverride.cpp
         PluginInterface.cpp
         PacketLogger.cpp
         PacketFileLogger.cpp
         PacketConsoleLogger.cpp
         NetworkIDObject.cpp
         NetworkIDManager.cpp
         NatPunchthrough.cpp
         MessageFilter.cpp
         LogCommandParser.cpp
         LinuxStrings.cpp
         Generating Code...
         Compiling...
         LightweightDatabaseServer.cpp
         LightweightDatabaseCommon.cpp
         LightweightDatabaseClient.cpp
         Itoa.cpp
         InlineFunctor.cpp
         HTTPConnection.cpp
         GridSectorizer.cpp
         GetTime.cpp
         Gen_RPC8.cpp
         FunctionThread.cpp
         FullyConnectedMesh.cpp
         FormatString.cpp
         FileOperations.cpp
         FileListTransfer.cpp
         FileList.cpp
         ExtendedOverlappedPool.cpp
         EpochTimeToString.cpp
         EncodeClassName.cpp
         EmailSender.cpp
         DS_Table.cpp
         Generating Code...
         Compiling...
         DS_HuffmanEncodingTree.cpp
         DS_ByteQueue.cpp
         DS_BytePool.cpp
         DirectoryDeltaTransfer.cpp
         DataCompressor.cpp
         DataBlockEncryptor.cpp
     1>c:\users\knigh\documents\github\fork\luniserverproject\source\luni latest stable\source\raknet\datablockencryptor.cpp(142): warning C4101: 'randomChar' : unreferenced local variable
         ConsoleServer.cpp
         ConnectionGraph.cpp
         CommandParserInterface.cpp
     1>c:\users\knigh\documents\github\fork\luniserverproject\source\luni latest stable\source\raknet\commandparserinterface.cpp(151): warning C4996: 'inet_ntoa': Use inet_ntop() or InetNtop() instead or define _WINSOCK_DEPRECATED_NO_WARNINGS to disable deprecated API warnings
                 c:\program files\windows kits\8.1\include\um\winsock2.h(1868) : see declaration of 'inet_ntoa'
     1>c:\users\knigh\documents\github\fork\luniserverproject\source\luni latest stable\source\raknet\commandparserinterface.cpp(152): warning C4996: 'inet_ntoa': Use inet_ntop() or InetNtop() instead or define _WINSOCK_DEPRECATED_NO_WARNINGS to disable deprecated API warnings
                 c:\program files\windows kits\8.1\include\um\winsock2.h(1868) : see declaration of 'inet_ntoa'
         CheckSum.cpp
         BitStream_NoTemplate.cpp
         BitStream.cpp
         AutoRPC.cpp
         AsynchronousFileIO.cpp
         Generating Code...
       Lib:
         C:\Program Files\Microsoft Visual Studio 12.0\VC\bin\Lib.exe /OUT:"C:\Users\knigh\Documents\GitHub\Fork\LUNIServerProject\Source\LUNI Latest Stable\Source\Debug\RakNet.lib" /NOLOGO Debug\AsynchronousFileIO.obj
         Debug\AutoRPC.obj
         Debug\BitStream.obj
         Debug\BitStream_NoTemplate.obj
         Debug\CheckSum.obj
         Debug\CommandParserInterface.obj
         Debug\ConnectionGraph.obj
         Debug\ConsoleServer.obj
         Debug\DataBlockEncryptor.obj
         Debug\DataCompressor.obj
         Debug\DirectoryDeltaTransfer.obj
         Debug\DS_BytePool.obj
         Debug\DS_ByteQueue.obj
         Debug\DS_HuffmanEncodingTree.obj
         Debug\DS_Table.obj
         Debug\EmailSender.obj
         Debug\EncodeClassName.obj
         Debug\EpochTimeToString.obj
         Debug\ExtendedOverlappedPool.obj
         Debug\FileList.obj
         Debug\FileListTransfer.obj
         Debug\FileOperations.obj
         Debug\FormatString.obj
         Debug\FullyConnectedMesh.obj
         Debug\FunctionThread.obj
         Debug\Gen_RPC8.obj
         Debug\GetTime.obj
         Debug\GridSectorizer.obj
         Debug\HTTPConnection.obj
         Debug\InlineFunctor.obj
         Debug\Itoa.obj
         Debug\LightweightDatabaseClient.obj
         Debug\LightweightDatabaseCommon.obj
         Debug\LightweightDatabaseServer.obj
         Debug\LinuxStrings.obj
         Debug\LogCommandParser.obj
         Debug\MessageFilter.obj
         Debug\NatPunchthrough.obj
         Debug\NetworkIDManager.obj
         Debug\NetworkIDObject.obj
         Debug\PacketConsoleLogger.obj
         Debug\PacketFileLogger.obj
         Debug\PacketLogger.obj
         Debug\PluginInterface.obj
         Debug\RakMemoryOverride.obj
         Debug\RakNetCommandParser.obj
         Debug\RakNetStatistics.obj
         Debug\RakNetTransport.obj
         Debug\RakNetTypes.obj
         Debug\RakNetworkFactory.obj
         Debug\RakPeer.obj
         Debug\RakSleep.obj
         Debug\RakString.obj
         Debug\RakThread.obj
         Debug\Rand.obj
         Debug\ReadyEvent.obj
         Debug\ReliabilityLayer.obj
         Debug\ReplicaManager.obj
         Debug\ReplicaManager2.obj
         Debug\rijndael.obj
         Debug\Router.obj
         Debug\RPCMap.obj
         Debug\SHA1.obj
         Debug\SimpleMutex.obj
         Debug\SocketLayer.obj
         Debug\StringCompressor.obj
         Debug\StringTable.obj
         Debug\SuperFastHash.obj
         Debug\SystemAddressList.obj
         Debug\TableSerializer.obj
         Debug\TCPInterface.obj
         Debug\TelnetTransport.obj
         Debug\ThreadsafePacketLogger.obj
         Debug\_FindFirst.obj
         RakNet.vcxproj -> C:\Users\knigh\Documents\GitHub\Fork\LUNIServerProject\Source\LUNI Latest Stable\Source\Debug\RakNet.lib
     1>Done Building Project "C:\Users\knigh\Documents\GitHub\Fork\LUNIServerProject\Source\LUNI Latest Stable\Source\RakNet\RakNet.vcxproj" (Build target(s)).

Build succeeded.

Time Elapsed 00:00:40.67
