c:\users\the doctor\luniserver\luniserver_version_5_downloaded\luniserver\luni server\raknet\release\vc120.pdb
c:\users\the doctor\luniserver\luniserver_version_5_downloaded\luniserver\luni server\raknet\release\filelist.obj
c:\users\the doctor\luniserver\luniserver_version_5_downloaded\luniserver\luni server\raknet\release\extendedoverlappedpool.obj
c:\users\the doctor\luniserver\luniserver_version_5_downloaded\luniserver\luni server\raknet\release\epochtimetostring.obj
c:\users\the doctor\luniserver\luniserver_version_5_downloaded\luniserver\luni server\raknet\release\encodeclassname.obj
c:\users\the doctor\luniserver\luniserver_version_5_downloaded\luniserver\luni server\raknet\release\emailsender.obj
c:\users\the doctor\luniserver\luniserver_version_5_downloaded\luniserver\luni server\raknet\release\ds_table.obj
c:\users\the doctor\luniserver\luniserver_version_5_downloaded\luniserver\luni server\raknet\release\ds_huffmanencodingtree.obj
c:\users\the doctor\luniserver\luniserver_version_5_downloaded\luniserver\luni server\raknet\release\ds_bytequeue.obj
c:\users\the doctor\luniserver\luniserver_version_5_downloaded\luniserver\luni server\raknet\release\ds_bytepool.obj
c:\users\the doctor\luniserver\luniserver_version_5_downloaded\luniserver\luni server\raknet\release\directorydeltatransfer.obj
c:\users\the doctor\luniserver\luniserver_version_5_downloaded\luniserver\luni server\raknet\release\datacompressor.obj
c:\users\the doctor\luniserver\luniserver_version_5_downloaded\luniserver\luni server\raknet\release\datablockencryptor.obj
c:\users\the doctor\luniserver\luniserver_version_5_downloaded\luniserver\luni server\raknet\release\consoleserver.obj
c:\users\the doctor\luniserver\luniserver_version_5_downloaded\luniserver\luni server\raknet\release\connectiongraph.obj
c:\users\the doctor\luniserver\luniserver_version_5_downloaded\luniserver\luni server\raknet\release\commandparserinterface.obj
c:\users\the doctor\luniserver\luniserver_version_5_downloaded\luniserver\luni server\raknet\release\checksum.obj
c:\users\the doctor\luniserver\luniserver_version_5_downloaded\luniserver\luni server\raknet\release\bitstream_notemplate.obj
c:\users\the doctor\luniserver\luniserver_version_5_downloaded\luniserver\luni server\raknet\release\bitstream.obj
c:\users\the doctor\luniserver\luniserver_version_5_downloaded\luniserver\luni server\raknet\release\autorpc.obj
c:\users\the doctor\luniserver\luniserver_version_5_downloaded\luniserver\luni server\raknet\release\asynchronousfileio.obj
c:\users\the doctor\luniserver\luniserver_version_5_downloaded\luniserver\luni server\raknet\release\networkidobject.obj
c:\users\the doctor\luniserver\luniserver_version_5_downloaded\luniserver\luni server\raknet\release\networkidmanager.obj
c:\users\the doctor\luniserver\luniserver_version_5_downloaded\luniserver\luni server\raknet\release\natpunchthrough.obj
c:\users\the doctor\luniserver\luniserver_version_5_downloaded\luniserver\luni server\raknet\release\messagefilter.obj
c:\users\the doctor\luniserver\luniserver_version_5_downloaded\luniserver\luni server\raknet\release\logcommandparser.obj
c:\users\the doctor\luniserver\luniserver_version_5_downloaded\luniserver\luni server\raknet\release\linuxstrings.obj
c:\users\the doctor\luniserver\luniserver_version_5_downloaded\luniserver\luni server\raknet\release\lightweightdatabaseserver.obj
c:\users\the doctor\luniserver\luniserver_version_5_downloaded\luniserver\luni server\raknet\release\lightweightdatabasecommon.obj
c:\users\the doctor\luniserver\luniserver_version_5_downloaded\luniserver\luni server\raknet\release\lightweightdatabaseclient.obj
c:\users\the doctor\luniserver\luniserver_version_5_downloaded\luniserver\luni server\raknet\release\itoa.obj
c:\users\the doctor\luniserver\luniserver_version_5_downloaded\luniserver\luni server\raknet\release\inlinefunctor.obj
c:\users\the doctor\luniserver\luniserver_version_5_downloaded\luniserver\luni server\raknet\release\httpconnection.obj
c:\users\the doctor\luniserver\luniserver_version_5_downloaded\luniserver\luni server\raknet\release\gridsectorizer.obj
c:\users\the doctor\luniserver\luniserver_version_5_downloaded\luniserver\luni server\raknet\release\gettime.obj
c:\users\the doctor\luniserver\luniserver_version_5_downloaded\luniserver\luni server\raknet\release\gen_rpc8.obj
c:\users\the doctor\luniserver\luniserver_version_5_downloaded\luniserver\luni server\raknet\release\functionthread.obj
c:\users\the doctor\luniserver\luniserver_version_5_downloaded\luniserver\luni server\raknet\release\fullyconnectedmesh.obj
c:\users\the doctor\luniserver\luniserver_version_5_downloaded\luniserver\luni server\raknet\release\formatstring.obj
c:\users\the doctor\luniserver\luniserver_version_5_downloaded\luniserver\luni server\raknet\release\fileoperations.obj
c:\users\the doctor\luniserver\luniserver_version_5_downloaded\luniserver\luni server\raknet\release\filelisttransfer.obj
c:\users\the doctor\luniserver\luniserver_version_5_downloaded\luniserver\luni server\raknet\release\rijndael.obj
c:\users\the doctor\luniserver\luniserver_version_5_downloaded\luniserver\luni server\raknet\release\replicamanager2.obj
c:\users\the doctor\luniserver\luniserver_version_5_downloaded\luniserver\luni server\raknet\release\replicamanager.obj
c:\users\the doctor\luniserver\luniserver_version_5_downloaded\luniserver\luni server\raknet\release\reliabilitylayer.obj
c:\users\the doctor\luniserver\luniserver_version_5_downloaded\luniserver\luni server\raknet\release\readyevent.obj
c:\users\the doctor\luniserver\luniserver_version_5_downloaded\luniserver\luni server\raknet\release\rand.obj
c:\users\the doctor\luniserver\luniserver_version_5_downloaded\luniserver\luni server\raknet\release\rakthread.obj
c:\users\the doctor\luniserver\luniserver_version_5_downloaded\luniserver\luni server\raknet\release\rakstring.obj
c:\users\the doctor\luniserver\luniserver_version_5_downloaded\luniserver\luni server\raknet\release\raksleep.obj
c:\users\the doctor\luniserver\luniserver_version_5_downloaded\luniserver\luni server\raknet\release\rakpeer.obj
c:\users\the doctor\luniserver\luniserver_version_5_downloaded\luniserver\luni server\raknet\release\raknetworkfactory.obj
c:\users\the doctor\luniserver\luniserver_version_5_downloaded\luniserver\luni server\raknet\release\raknettypes.obj
c:\users\the doctor\luniserver\luniserver_version_5_downloaded\luniserver\luni server\raknet\release\raknettransport.obj
c:\users\the doctor\luniserver\luniserver_version_5_downloaded\luniserver\luni server\raknet\release\raknetstatistics.obj
c:\users\the doctor\luniserver\luniserver_version_5_downloaded\luniserver\luni server\raknet\release\raknetcommandparser.obj
c:\users\the doctor\luniserver\luniserver_version_5_downloaded\luniserver\luni server\raknet\release\rakmemoryoverride.obj
c:\users\the doctor\luniserver\luniserver_version_5_downloaded\luniserver\luni server\raknet\release\plugininterface.obj
c:\users\the doctor\luniserver\luniserver_version_5_downloaded\luniserver\luni server\raknet\release\packetlogger.obj
c:\users\the doctor\luniserver\luniserver_version_5_downloaded\luniserver\luni server\raknet\release\packetfilelogger.obj
c:\users\the doctor\luniserver\luniserver_version_5_downloaded\luniserver\luni server\raknet\release\packetconsolelogger.obj
c:\users\the doctor\luniserver\luniserver_version_5_downloaded\luniserver\luni server\raknet\release\_findfirst.obj
c:\users\the doctor\luniserver\luniserver_version_5_downloaded\luniserver\luni server\raknet\release\threadsafepacketlogger.obj
c:\users\the doctor\luniserver\luniserver_version_5_downloaded\luniserver\luni server\raknet\release\telnettransport.obj
c:\users\the doctor\luniserver\luniserver_version_5_downloaded\luniserver\luni server\raknet\release\tcpinterface.obj
c:\users\the doctor\luniserver\luniserver_version_5_downloaded\luniserver\luni server\raknet\release\tableserializer.obj
c:\users\the doctor\luniserver\luniserver_version_5_downloaded\luniserver\luni server\raknet\release\systemaddresslist.obj
c:\users\the doctor\luniserver\luniserver_version_5_downloaded\luniserver\luni server\raknet\release\superfasthash.obj
c:\users\the doctor\luniserver\luniserver_version_5_downloaded\luniserver\luni server\raknet\release\stringtable.obj
c:\users\the doctor\luniserver\luniserver_version_5_downloaded\luniserver\luni server\raknet\release\stringcompressor.obj
c:\users\the doctor\luniserver\luniserver_version_5_downloaded\luniserver\luni server\raknet\release\socketlayer.obj
c:\users\the doctor\luniserver\luniserver_version_5_downloaded\luniserver\luni server\raknet\release\simplemutex.obj
c:\users\the doctor\luniserver\luniserver_version_5_downloaded\luniserver\luni server\raknet\release\sha1.obj
c:\users\the doctor\luniserver\luniserver_version_5_downloaded\luniserver\luni server\raknet\release\rpcmap.obj
c:\users\the doctor\luniserver\luniserver_version_5_downloaded\luniserver\luni server\raknet\release\router.obj
c:\users\the doctor\luniserver\luniserver_version_5_downloaded\luniserver\luni server\release\raknet.lib
c:\users\the doctor\luniserver\luniserver_version_5_downloaded\luniserver\luni server\raknet\release\raknet.tlog\cl.command.1.tlog
c:\users\the doctor\luniserver\luniserver_version_5_downloaded\luniserver\luni server\raknet\release\raknet.tlog\cl.read.1.tlog
c:\users\the doctor\luniserver\luniserver_version_5_downloaded\luniserver\luni server\raknet\release\raknet.tlog\cl.write.1.tlog
c:\users\the doctor\luniserver\luniserver_version_5_downloaded\luniserver\luni server\raknet\release\raknet.tlog\lib-link.read.1.tlog
c:\users\the doctor\luniserver\luniserver_version_5_downloaded\luniserver\luni server\raknet\release\raknet.tlog\lib-link.write.1.tlog
c:\users\the doctor\luniserver\luniserver_version_5_downloaded\luniserver\luni server\raknet\release\raknet.tlog\lib.command.1.tlog
