Build started 5/16/2015 3:26:34 PM.
     1>Project "C:\Users\knigh\Documents\GitHub\Fork\LUNIServerProject\Source\LUNI Latest No SQL\Source\LUNI Server.vcxproj" on node 2 (Build target(s)).
     1>Link:
         C:\Program Files\Microsoft Visual Studio 12.0\VC\bin\link.exe /ERRORREPORT:PROMPT /OUT:"C:\Users\knigh\Documents\GitHub\Fork\LUNIServerProject\Source\LUNI Latest No SQL\Source\Release\LUNI Server.exe" /NOLOGO /LIBPATH:"..\..\..\Resources\RakNet-3.25\Lib" /LIBPATH:MySql\lib /LIBPATH:Release ws2_32.lib libmysql.lib kernel32.lib user32.lib gdi32.lib winspool.lib comdlg32.lib advapi32.lib shell32.lib ole32.lib oleaut32.lib uuid.lib odbc32.lib odbccp32.lib /MANIFEST /MANIFESTUAC:"level='asInvoker' uiAccess='false'" /manifest:embed /DEBUG /PDB:"C:\Users\knigh\Documents\GitHub\Fork\LUNIServerProject\Source\LUNI Latest No SQL\Source\Release\LUNI Server.pdb" /OPT:REF /OPT:ICF /LTCG /TLBID:1 /DYNAMICBASE /NXCOMPAT /IMPLIB:"C:\Users\knigh\Documents\GitHub\Fork\LUNIServerProject\Source\LUNI Latest No SQL\Source\Release\LUNI Server.lib" /MACHINE:X86 /SAFESEH Release\Resource.res
         Release\AuthLoop.obj
         Release\Character.obj
         Release\CharactersLoop.obj
         Release\Common.obj
         Release\Database.obj
         Release\main.obj
         Release\serverLoop.obj
         Release\User.obj
         Release\World.obj
         Release\WorldLoop.obj
         "C:\Users\knigh\Documents\GitHub\Fork\LUNIServerProject\Source\LUNI Latest No SQL\Source\Release\RakNet.lib"
         "C:\Users\knigh\Documents\GitHub\Fork\LUNIServerProject\Source\LUNI Latest No SQL\Source\Release\SUtil.lib"
         Generating code
         Finished generating code
         LUNI Server.vcxproj -> C:\Users\knigh\Documents\GitHub\Fork\LUNIServerProject\Source\LUNI Latest No SQL\Source\Release\LUNI Server.exe
     1>Done Building Project "C:\Users\knigh\Documents\GitHub\Fork\LUNIServerProject\Source\LUNI Latest No SQL\Source\LUNI Server.vcxproj" (Build target(s)).

Build succeeded.

Time Elapsed 00:00:15.48
